\BOOKMARK [-1][-]{part.1}{\376\377\000I\000\040\000T\000R\000A\000N\000S\000M\000I\000S\000S\000I\000O\000N\000\040\000L\000I\000N\000E\000\040\000A\000N\000D\000\040\000T\000H\000E\000\040\000W\000A\000V\000E\000\040\000E\000Q\000U\000A\000T\000I\000O\000N}{}% 1
\BOOKMARK [0][-]{chapter.1}{\376\377\000I\000n\000t\000r\000o\000d\000u\000c\000t\000i\000o\000n\000\040\000t\000o\000\040\000E\000l\000e\000c\000t\000r\000o\000m\000a\000g\000n\000e\000t\000i\000c\000\040\000W\000a\000v\000e\000s}{part.1}% 2
\BOOKMARK [1][-]{section.1.1}{\376\377\000T\000r\000a\000n\000s\000m\000i\000s\000s\000i\000o\000n\000\040\000l\000i\000n\000e\000s\000\040\000a\000n\000d\000\040\000H\000i\000g\000h\000-\000F\000r\000e\000q\000u\000e\000n\000c\000y\000\040\000c\000i\000r\000c\000u\000i\000t\000s}{chapter.1}% 3
\BOOKMARK [1][-]{section.1.2}{\376\377\000A\000n\000t\000e\000n\000n\000a\000s}{chapter.1}% 4
\BOOKMARK [1][-]{section.1.3}{\376\377\000S\000a\000t\000e\000l\000l\000i\000t\000e\000\040\000c\000o\000m\000m\000u\000n\000i\000c\000a\000t\000i\000o\000n}{chapter.1}% 5
\BOOKMARK [1][-]{section.1.4}{\376\377\000F\000i\000b\000e\000r\000\040\000o\000p\000t\000i\000c\000s\000\040\000c\000o\000m\000m\000u\000n\000i\000c\000a\000t\000i\000o\000n}{chapter.1}% 6
\BOOKMARK [1][-]{section.1.5}{\376\377\000W\000i\000r\000e\000l\000e\000s\000s\000\040\000c\000o\000m\000m\000u\000n\000i\000c\000a\000t\000i\000o\000n}{chapter.1}% 7
\BOOKMARK [1][-]{section.1.6}{\376\377\000C\000e\000l\000l\000u\000l\000a\000r\000\040\000c\000o\000m\000m\000u\000n\000i\000c\000a\000t\000i\000o\000n}{chapter.1}% 8
\BOOKMARK [1][-]{section.1.7}{\376\377\000R\000a\000d\000a\000r\000\040\000a\000n\000d\000\040\000r\000e\000m\000o\000t\000e\000\040\000s\000e\000n\000s\000i\000n\000g}{chapter.1}% 9
\BOOKMARK [2][-]{subsection.1.7.1}{\376\377\000S\000i\000d\000e\000\040\000l\000o\000o\000k\000i\000n\000g\000\040\000a\000i\000r\000b\000o\000r\000n\000e\000\040\000r\000a\000d\000a\000r\000\040\000\050\000S\000L\000A\000R\000\051}{section.1.7}% 10
\BOOKMARK [2][-]{subsection.1.7.2}{\376\377\000S\000y\000n\000t\000h\000e\000t\000i\000c\000\040\000a\000p\000e\000r\000t\000u\000r\000e\000\040\000r\000a\000d\000a\000r\000\040\000\050\000S\000A\000R\000\051}{section.1.7}% 11
\BOOKMARK [1][-]{section.1.8}{\376\377\000R\000a\000d\000i\000o\000\040\000a\000s\000t\000r\000o\000n\000o\000m\000y}{chapter.1}% 12
\BOOKMARK [1][-]{section.1.9}{\376\377\000E\000M\000I\000/\000E\000M\000C}{chapter.1}% 13
\BOOKMARK [0][-]{chapter.2}{\376\377\000T\000r\000a\000n\000s\000m\000i\000s\000s\000i\000o\000n\000\040\000l\000i\000n\000e\000s}{part.1}% 14
\BOOKMARK [1][-]{section.2.1}{\376\377\000S\000t\000r\000u\000c\000t\000u\000r\000e\000s\000\040\000o\000f\000\040\000t\000r\000a\000n\000s\000m\000i\000s\000s\000i\000o\000n\000\040\000l\000i\000n\000e\000s}{chapter.2}% 15
\BOOKMARK [2][-]{subsection.2.1.1}{\376\377\000C\000o\000-\000a\000x\000i\000a\000l\000\040\000c\000a\000b\000l\000e}{section.2.1}% 16
\BOOKMARK [2][-]{subsection.2.1.2}{\376\377\000B\000a\000l\000a\000n\000c\000e\000d\000\040\000P\000a\000r\000a\000l\000l\000e\000l\000\040\000w\000i\000r\000e\000\040\000t\000r\000a\000n\000s\000m\000i\000s\000s\000i\000o\000n\000\040\000l\000i\000n\000e\000s}{section.2.1}% 17
\BOOKMARK [2][-]{subsection.2.1.3}{\376\377\000U\000n\000b\000a\000l\000a\000n\000c\000e\000d\000\040\000P\000a\000r\000a\000l\000l\000e\000l\000\040\000w\000i\000r\000e\000\040\000t\000r\000a\000n\000s\000m\000i\000s\000s\000i\000o\000n\000\040\000l\000i\000n\000e\000s}{section.2.1}% 18
\BOOKMARK [2][-]{subsection.2.1.4}{\376\377\000M\000i\000c\000r\000o\000s\000t\000r\000i\000p\000l\000i\000n\000e}{section.2.1}% 19
\BOOKMARK [2][-]{subsection.2.1.5}{\376\377\000S\000t\000r\000i\000p\000l\000i\000n\000e}{section.2.1}% 20
\BOOKMARK [1][-]{section.2.2}{\376\377\000C\000o\000n\000c\000e\000p\000t\000\040\000o\000f\000\040\000t\000r\000a\000n\000s\000i\000t\000\040\000t\000i\000m\000e\000\040\000e\000f\000f\000e\000c\000t\000\040}{chapter.2}% 21
\BOOKMARK [1][-]{section.2.3}{\376\377\000C\000o\000n\000c\000e\000p\000t\000\040\000o\000f\000\040\000D\000i\000s\000t\000r\000i\000b\000u\000t\000e\000d\000\040\000E\000l\000e\000m\000e\000n\000t\000s\000\040\000i\000n\000\040\000a\000\040\000t\000r\000a\000n\000s\000m\000i\000s\000s\000i\000o\000n\000\040\000l\000i\000n\000e}{chapter.2}% 22
\BOOKMARK [1][-]{section.2.4}{\376\377\000T\000e\000l\000e\000g\000r\000a\000p\000h\000e\000r\000'\000s\000\040\000E\000q\000u\000a\000t\000i\000o\000n\000s}{chapter.2}% 23
\BOOKMARK [0][-]{chapter.3}{\376\377\000T\000r\000a\000n\000s\000m\000i\000s\000s\000i\000o\000n\000\040\000l\000i\000n\000e\000\040\000a\000n\000a\000l\000y\000s\000i\000s\000\040\000\050\0002\000\051}{part.1}% 24
\BOOKMARK [1][-]{section.3.1}{\376\377\000T\000h\000e\000\040\000c\000o\000m\000p\000l\000e\000x\000\040\000q\000u\000a\000n\000t\000i\000t\000y\000\040}{chapter.3}% 25
\BOOKMARK [1][-]{section.3.2}{\376\377\000T\000h\000e\000\040\000P\000h\000a\000s\000e\000\040\000c\000o\000n\000s\000t\000a\000n\000t}{chapter.3}% 26
\BOOKMARK [1][-]{section.3.3}{\376\377\000T\000h\000e\000\040\000A\000t\000t\000e\000n\000u\000a\000t\000i\000o\000n\000\040\000c\000o\000n\000s\000t\000a\000n\000t}{chapter.3}% 27
\BOOKMARK [1][-]{section.3.4}{\376\377\000T\000h\000e\000\040\000C\000h\000a\000r\000a\000c\000t\000e\000r\000i\000s\000t\000i\000c\000\040\000I\000m\000p\000e\000d\000a\000n\000c\000e}{chapter.3}% 28
\BOOKMARK [1][-]{section.3.5}{\376\377\000D\000e\000f\000i\000n\000i\000n\000g\000\040\000b\000o\000u\000n\000d\000a\000r\000y\000\040\000c\000o\000n\000d\000i\000t\000i\000o\000n}{chapter.3}% 29
\BOOKMARK [1][-]{section.3.6}{\376\377\000T\000h\000e\000\040\000r\000e\000f\000l\000e\000c\000t\000i\000o\000n\000\040\000c\000o\000e\000f\000f\000i\000c\000i\000e\000n\000t}{chapter.3}% 30
\BOOKMARK [0][-]{chapter.4}{\376\377\000L\000o\000s\000s\000l\000e\000s\000s\000\040\000a\000n\000d\000\040\000L\000o\000w\000-\000L\000o\000s\000s\000\040\000T\000r\000a\000n\000s\000m\000i\000s\000s\000i\000o\000n\000\040\000L\000i\000n\000e}{part.1}% 31
\BOOKMARK [1][-]{section.4.1}{\376\377\000M\000a\000t\000c\000h\000e\000d\000\040\000C\000o\000n\000d\000i\000t\000i\000o\000n\000\040\000o\000f\000\040\000t\000h\000e\000\040\000t\000r\000a\000n\000s\000m\000i\000s\000s\000i\000o\000n\000\040\000l\000i\000n\000e}{chapter.4}% 32
\BOOKMARK [1][-]{section.4.2}{\376\377\000I\000m\000p\000e\000d\000a\000n\000c\000e\000\040\000T\000r\000a\000n\000s\000f\000o\000r\000m\000\040\000R\000e\000l\000a\000t\000i\000o\000n\000s\000h\000i\000p}{chapter.4}% 33
\BOOKMARK [1][-]{section.4.3}{\376\377\000C\000h\000a\000r\000a\000c\000t\000e\000r\000i\000s\000t\000i\000c\000\040\000I\000m\000p\000e\000d\000a\000n\000c\000e}{chapter.4}% 34
\BOOKMARK [1][-]{section.4.4}{\376\377\000L\000o\000s\000s\000l\000e\000s\000s\000\040\000T\000r\000a\000n\000s\000m\000i\000s\000s\000i\000o\000n\000\040\000L\000i\000n\000e}{chapter.4}% 35
\BOOKMARK [1][-]{section.4.5}{\376\377\000L\000o\000w\000-\000l\000o\000s\000s\000\040\000T\000r\000a\000n\000s\000m\000i\000s\000s\000i\000o\000n\000\040\000L\000i\000n\000e}{chapter.4}% 36
\BOOKMARK [0][-]{chapter.5}{\376\377\000S\000t\000a\000n\000d\000i\000n\000g\000\040\000W\000a\000v\000e\000\040\000P\000a\000t\000t\000e\000r\000n}{part.1}% 37
\BOOKMARK [1][-]{section.5.1}{\376\377\000L\000o\000w\000-\000l\000o\000s\000s\000\040\000T\000r\000a\000n\000s\000m\000i\000s\000s\000i\000o\000n\000\040\000L\000i\000n\000e\000\040\000a\000t\000\040\000a\000\040\000P\000a\000r\000t\000i\000c\000u\000l\000a\000r\000\040\000F\000r\000e\000q\000u\000e\000n\000c\000y\000.}{chapter.5}% 38
\BOOKMARK [1][-]{section.5.2}{\376\377\000V\000o\000l\000t\000a\000g\000e\000\040\000A\000n\000d\000\040\000C\000u\000r\000r\000e\000n\000t\000\040\000V\000a\000r\000i\000a\000t\000i\000o\000n\000\040\000o\000n\000\040\000T\000r\000a\000n\000s\000m\000i\000s\000s\000i\000o\000n\000\040\000L\000i\000n\000e}{chapter.5}% 39
\BOOKMARK [1][-]{section.5.3}{\376\377\000C\000o\000n\000c\000e\000p\000t\000\040\000o\000f\000\040\000V\000o\000l\000t\000a\000g\000e\000\040\000S\000t\000a\000n\000d\000i\000n\000g\000\040\000W\000a\000v\000e\000\040\000R\000a\000t\000i\000o\000\050\000V\000S\000W\000R\000\051}{chapter.5}% 40
\BOOKMARK [1][-]{section.5.4}{\376\377\000C\000o\000n\000d\000i\000t\000i\000o\000n\000\040\000f\000o\000r\000\040\000F\000u\000l\000l\000\040\000R\000e\000f\000l\000e\000c\000t\000i\000o\000n\000\040\000a\000t\000\040\000L\000o\000a\000d\000\040\000E\000n\000d}{chapter.5}% 41
\BOOKMARK [0][-]{chapter.6}{\376\377\000I\000m\000p\000e\000d\000a\000n\000c\000e\000\040\000T\000r\000a\000n\000s\000f\000o\000r\000m\000a\000t\000i\000o\000n}{part.1}% 42
\BOOKMARK [1][-]{section.6.1}{\376\377\000T\000r\000a\000n\000s\000f\000o\000r\000m\000a\000t\000i\000o\000n\000\040\000o\000n\000\040\000a\000\040\000L\000o\000s\000s\000l\000e\000s\000s\000\040\000T\000r\000a\000n\000s\000m\000i\000s\000s\000i\000o\000n\000\040\000L\000i\000n\000e}{chapter.6}% 43
\BOOKMARK [1][-]{section.6.2}{\376\377\000P\000o\000w\000e\000r\000\040\000T\000r\000a\000n\000s\000f\000e\000r\000\040\000o\000n\000\040\000T\000r\000a\000n\000s\000m\000i\000s\000s\000i\000o\000n\000\040\000L\000i\000n\000e}{chapter.6}% 44
\BOOKMARK [1][-]{section.6.3}{\376\377\000E\000v\000a\000l\000u\000a\000t\000i\000o\000n\000\040\000o\000f\000\040\000\040\000V\000\040\000^\000\040\000+\000\040\000\040}{chapter.6}% 45
\BOOKMARK [1][-]{section.6.4}{\376\377\000S\000u\000m\000m\000a\000r\000y}{chapter.6}% 46
\BOOKMARK [0][-]{chapter.7}{\376\377\000I\000n\000t\000r\000o\000d\000u\000c\000t\000i\000o\000n\000\040\000t\000o\000\040\000S\000m\000i\000t\000h\000\040\000C\000h\000a\000r\000t}{part.1}% 47
\BOOKMARK [1][-]{section.7.1}{\376\377\000I\000n\000t\000r\000o\000d\000u\000c\000t\000i\000o\000n}{chapter.7}% 48
\BOOKMARK [1][-]{section.7.2}{\376\377\000P\000l\000a\000n\000e\000\040\000T\000r\000a\000n\000s\000f\000o\000r\000m\000a\000t\000i\000o\000n}{chapter.7}% 49
\BOOKMARK [1][-]{section.7.3}{\376\377\000C\000i\000r\000c\000l\000e\000\040\000o\000f\000\040\000C\000o\000n\000s\000t\000a\000n\000t\000\040\000R\000e\000s\000i\000s\000t\000a\000n\000c\000e\000\040\000a\000n\000d\000\040\000R\000e\000a\000c\000t\000a\000n\000c\000e}{chapter.7}% 50
\BOOKMARK [1][-]{section.7.4}{\376\377\000C\000i\000r\000c\000l\000e\000\040\000o\000f\000\040\000C\000o\000n\000s\000t\000a\000n\000t\000\040\000R\000e\000s\000i\000s\000t\000a\000n\000c\000e}{chapter.7}% 51
\BOOKMARK [1][-]{section.7.5}{\376\377\000C\000i\000r\000c\000l\000e\000\040\000o\000f\000\040\000C\000o\000n\000s\000t\000a\000n\000t\000\040\000R\000e\000a\000c\000t\000a\000n\000c\000e}{chapter.7}% 52
\BOOKMARK [1][-]{section.7.6}{\376\377\000C\000h\000a\000r\000a\000c\000t\000e\000r\000i\000s\000t\000i\000c\000s\000\040\000o\000f\000\040\000t\000h\000e\000\040\000s\000e\000t\000\040\000o\000f\000\040\000C\000i\000r\000c\000l\000e}{chapter.7}% 53
\BOOKMARK [1][-]{section.7.7}{\376\377\000T\000h\000e\000\040\000S\000m\000i\000t\000h\000\040\000C\000h\000a\000r\000t}{chapter.7}% 54
\BOOKMARK [0][-]{chapter.8}{\376\377\000S\000m\000i\000t\000h\000\040\000C\000h\000a\000r\000t}{part.1}% 55
\BOOKMARK [1][-]{section.8.1}{\376\377\000A\000d\000m\000i\000t\000t\000a\000n\000c\000e}{chapter.8}% 56
\BOOKMARK [1][-]{section.8.2}{\376\377\000U\000s\000e\000\040\000o\000f\000\040\000S\000m\000i\000t\000h\000\040\000C\000h\000a\000r\000t\000\040\000f\000o\000r\000\040\000T\000r\000a\000n\000s\000m\000i\000s\000s\000i\000o\000n\000\040\000L\000i\000n\000e\000\040\000C\000a\000l\000c\000u\000l\000a\000t\000i\000o\000n}{chapter.8}% 57
\BOOKMARK [1][-]{section.8.3}{\376\377\000S\000t\000e\000p\000s\000\040\000i\000n\000\040\000T\000r\000a\000n\000s\000m\000i\000s\000s\000i\000o\000n\000\040\000L\000i\000n\000e\000\040\000C\000a\000l\000c\000u\000l\000a\000t\000i\000o\000n}{chapter.8}% 58
\BOOKMARK [0][-]{chapter.9}{\376\377\000I\000d\000e\000n\000t\000i\000f\000y\000i\000n\000g\000\040\000T\000y\000p\000e\000s\000\040\000o\000f\000\040\000L\000o\000a\000d\000\040\000f\000r\000o\000m\000\040\000S\000t\000a\000n\000d\000i\000n\000g\000\040\000W\000a\000v\000e\000\040\000P\000a\000t\000t\000e\000r\000n}{part.1}% 59
\BOOKMARK [0][-]{chapter.10}{\376\377\000A\000p\000p\000l\000i\000c\000a\000t\000i\000o\000n\000\040\000o\000f\000\040\000t\000r\000a\000n\000s\000m\000i\000s\000s\000i\000o\000n\000\040\000l\000i\000n\000e\000s}{part.1}% 60
\BOOKMARK [1][-]{section.10.1}{\376\377\000M\000E\000A\000S\000U\000R\000E\000M\000E\000N\000T\000\040\000O\000F\000\040\000U\000N\000K\000N\000O\000W\000N\000\040\000I\000M\000P\000E\000D\000A\000N\000C\000E\000S}{chapter.10}% 61
\BOOKMARK [1][-]{section.10.2}{\376\377\000\040\000T\000r\000a\000n\000s\000m\000i\000s\000s\000i\000o\000n\000\040\000L\000i\000n\000e\000\040\000a\000s\000\040\000c\000i\000r\000c\000u\000i\000t\000\040\000e\000l\000e\000m\000e\000n\000t}{chapter.10}% 62
\BOOKMARK [0][-]{chapter.11}{\376\377\000A\000p\000p\000l\000i\000c\000a\000t\000i\000o\000n\000\040\000o\000f\000\040\000t\000r\000a\000n\000s\000m\000i\000s\000s\000i\000o\000n\000\040\000l\000i\000n\000e\000\040\000\050\0002\000\051}{part.1}% 63
\BOOKMARK [1][-]{section.11.1}{\376\377\000A\000s\000\040\000A\000\040\000C\000i\000r\000c\000u\000i\000t\000\040\000E\000l\000e\000m\000e\000n\000t}{chapter.11}% 64
\BOOKMARK [1][-]{section.11.2}{\376\377\000A\000s\000\040\000A\000\040\000S\000t\000e\000p\000\040\000U\000p\000\040\000T\000r\000a\000n\000s\000f\000o\000r\000m\000e\000r}{chapter.11}% 65
\BOOKMARK [0][-]{chapter.12}{\376\377\000M\000a\000t\000c\000h\000i\000n\000g\000\040\000O\000f\000\040\000I\000m\000p\000e\000d\000a\000n\000c\000e\000s}{part.1}% 66
\BOOKMARK [1][-]{section.12.1}{\376\377\000Q\000u\000a\000r\000t\000e\000r\000\040\000W\000a\000v\000e\000l\000e\000n\000g\000t\000h\000\040\000T\000r\000a\000n\000s\000f\000o\000r\000m\000e\000r\000\040\000T\000e\000c\000h\000n\000i\000q\000u\000e}{chapter.12}% 67
\BOOKMARK [2][-]{subsection.12.1.1}{\376\377\000C\000o\000m\000p\000l\000e\000x\000\040\000l\000o\000a\000d\000\040\000i\000m\000p\000e\000d\000a\000n\000c\000e}{section.12.1}% 68
\BOOKMARK [1][-]{section.12.2}{\376\377\000S\000t\000u\000b\000\040\000M\000a\000t\000c\000h\000i\000n\000g\000\040\000T\000e\000c\000h\000n\000i\000q\000u\000e}{chapter.12}% 69
\BOOKMARK [2][-]{subsection.12.2.1}{\376\377\000S\000i\000n\000g\000l\000e\000\040\000S\000t\000u\000b\000\040\000M\000a\000t\000c\000h\000i\000n\000g\000\040\000T\000e\000c\000h\000n\000i\000q\000u\000e\000\040}{section.12.2}% 70
\BOOKMARK [2][-]{subsection.12.2.2}{\376\377\000D\000o\000u\000b\000l\000e\000\040\000S\000t\000u\000b\000\040\000M\000a\000t\000c\000h\000i\000n\000g\000\040\000T\000e\000c\000h\000n\000i\000q\000u\000e}{section.12.2}% 71
\BOOKMARK [0][-]{chapter.13}{\376\377\000L\000o\000s\000s\000y\000\040\000T\000r\000a\000n\000s\000m\000i\000s\000s\000i\000o\000n\000\040\000L\000i\000n\000e}{part.1}% 72
\BOOKMARK [1][-]{section.13.1}{\376\377\000V\000e\000r\000y\000\040\000l\000o\000s\000s\000y\000\040\000t\000r\000a\000n\000s\000m\000i\000s\000s\000i\000o\000n\000\040\000l\000i\000n\000e}{chapter.13}% 73
\BOOKMARK [1][-]{section.13.2}{\376\377\000M\000o\000d\000e\000r\000a\000t\000e\000l\000y\000\040\000l\000o\000s\000s\000y\000\040\000l\000i\000n\000e}{chapter.13}% 74
\BOOKMARK [2][-]{subsection.13.2.1}{\376\377\000P\000r\000o\000p\000a\000g\000a\000t\000i\000o\000n\000\040\000c\000o\000n\000s\000t\000a\000n\000t}{section.13.2}% 75
\BOOKMARK [1][-]{section.13.3}{\376\377\000C\000h\000a\000r\000a\000c\000t\000e\000r\000i\000s\000t\000i\000c\000\040\000i\000m\000p\000e\000d\000a\000n\000c\000e\000\040\000m\000e\000a\000s\000u\000r\000e\000m\000e\000n\000t}{chapter.13}% 76
\BOOKMARK [0][-]{chapter.14}{\376\377\000A\000n\000a\000l\000y\000s\000i\000s\000\040\000o\000f\000\040\000T\000r\000a\000n\000s\000m\000i\000s\000s\000i\000o\000n\000\040\000l\000i\000n\000e\000\040\000p\000r\000o\000b\000l\000e\000m\000s}{part.1}% 77
\BOOKMARK [1][-]{section.14.1}{\376\377\000A\000n\000a\000l\000y\000t\000i\000c\000a\000l\000\040\000m\000e\000t\000h\000o\000d\000\040\000o\000f\000\040\000a\000n\000a\000l\000y\000s\000i\000s}{chapter.14}% 78
\BOOKMARK [1][-]{section.14.2}{\376\377\000G\000r\000a\000p\000h\000i\000c\000a\000l\000\040\000m\000e\000t\000h\000o\000d\000\040\000o\000f\000\040\000a\000n\000a\000l\000y\000s\000i\000s}{chapter.14}% 79
\BOOKMARK [0][-]{chapter.15}{\376\377\000G\000r\000a\000p\000h\000i\000c\000a\000l\000\040\000A\000p\000p\000r\000o\000a\000c\000h\000\040\000T\000o\000\040\000A\000n\000a\000l\000y\000z\000i\000n\000g\000\040\000T\000r\000a\000n\000s\000m\000i\000s\000s\000i\000o\000n\000\040\000L\000i\000n\000e\000\040\000P\000r\000o\000b\000l\000e\000m\000s\000\040\000U\000s\000i\000n\000g\000\040\000S\000m\000i\000t\000h\000\040\000C\000h\000a\000r\000t}{part.1}% 80
\BOOKMARK [1][-]{section.15.1}{\376\377\000C\000h\000a\000r\000a\000c\000t\000e\000r\000i\000s\000t\000i\000c\000s\000\040\000i\000m\000p\000e\000d\000a\000n\000c\000e\000\040\000f\000o\000r\000\040\000c\000o\000m\000m\000o\000n\000\040\000t\000r\000a\000n\000s\000m\000i\000s\000s\000i\000o\000n\000\040\000l\000i\000n\000e}{chapter.15}% 81
\BOOKMARK [2][-]{subsection.15.1.1}{\376\377\000C\000o\000a\000x\000i\000a\000l\000\040\000l\000i\000n\000e}{section.15.1}% 82
\BOOKMARK [2][-]{subsection.15.1.2}{\376\377\000P\000a\000r\000a\000l\000l\000e\000l\000\040\000w\000i\000r\000e\000\040\000t\000r\000a\000n\000s\000m\000i\000s\000s\000i\000o\000n\000\040\000l\000i\000n\000e\000\050\000B\000a\000l\000a\000n\000c\000e\000d\000\051}{section.15.1}% 83
\BOOKMARK [2][-]{subsection.15.1.3}{\376\377\000M\000i\000c\000r\000o\000s\000t\000r\000i\000p\000\040\000l\000i\000n\000e\000\040\000s\000t\000r\000u\000c\000t\000u\000r\000e\000.}{section.15.1}% 84
\BOOKMARK [1][-]{section.15.2}{\376\377\000C\000o\000n\000c\000l\000u\000s\000i\000o\000n\000.}{chapter.15}% 85
\BOOKMARK [0][-]{chapter.16}{\376\377\000C\000o\000o\000r\000d\000i\000n\000a\000t\000e\000\040\000S\000y\000s\000t\000e\000m\000\040\000a\000n\000d\000\040\000V\000e\000c\000t\000o\000r\000s}{part.1}% 86
\BOOKMARK [1][-]{section.16.1}{\376\377\000C\000o\000o\000r\000d\000i\000n\000a\000t\000e\000\040\000s\000y\000s\000t\000e\000m\000s}{chapter.16}% 87
\BOOKMARK [2][-]{subsection.16.1.1}{\376\377\000C\000a\000r\000t\000e\000s\000i\000a\000n\000\040\000c\000o\000o\000r\000d\000i\000n\000a\000t\000e\000\040\000s\000y\000s\000t\000e\000m}{section.16.1}% 88
\BOOKMARK [2][-]{subsection.16.1.2}{\376\377\000C\000y\000l\000i\000n\000d\000r\000i\000c\000a\000l\000\040\000c\000o\000o\000r\000d\000i\000n\000a\000t\000e\000\040\000s\000y\000s\000t\000e\000m}{section.16.1}% 89
\BOOKMARK [2][-]{subsection.16.1.3}{\376\377\000S\000p\000h\000e\000r\000i\000c\000a\000l\000\040\000c\000o\000o\000r\000d\000i\000n\000a\000t\000e\000\040\000s\000y\000s\000t\000e\000m}{section.16.1}% 90
\BOOKMARK [1][-]{section.16.2}{\376\377\000V\000e\000c\000t\000o\000r\000\040\000a\000n\000a\000l\000y\000s\000i\000s}{chapter.16}% 91
\BOOKMARK [2][-]{subsection.16.2.1}{\376\377\000B\000a\000s\000i\000c\000\040\000o\000p\000e\000r\000a\000t\000i\000o\000n\000\040\000o\000f\000\040\000v\000e\000c\000t\000o\000r\000s}{section.16.2}% 92
\BOOKMARK [2][-]{subsection.16.2.2}{\376\377\000S\000c\000a\000l\000a\000r\000\040\000p\000r\000o\000d\000u\000c\000t\000\040\000o\000r\000\040\000d\000o\000t\000\040\000p\000r\000o\000d\000u\000c\000t}{section.16.2}% 93
\BOOKMARK [2][-]{subsection.16.2.3}{\376\377\000V\000e\000c\000t\000o\000r\000\040\000o\000r\000\040\000c\000r\000o\000s\000s\000\040\000p\000r\000o\000d\000u\000c\000t}{section.16.2}% 94
\BOOKMARK [0][-]{chapter.17}{\376\377\000D\000i\000v\000e\000r\000g\000e\000n\000c\000e\000\040\000a\000n\000d\000\040\000S\000t\000o\000k\000e\000s\000\040\000T\000h\000e\000o\000r\000e\000m}{part.1}% 95
\BOOKMARK [1][-]{section.17.1}{\376\377\000D\000i\000v\000e\000r\000g\000e\000n\000c\000e\000\040\000o\000r\000\040\000C\000u\000r\000l\000\040\000P\000r\000o\000d\000u\000c\000i\000n\000g\000\040\000V\000e\000c\000t\000o\000r\000\040\000F\000i\000e\000l\000d\000s}{chapter.17}% 96
\BOOKMARK [1][-]{section.17.2}{\376\377\000L\000a\000p\000l\000a\000c\000i\000a\000n\000\040\000o\000p\000e\000r\000a\000t\000o\000r}{chapter.17}% 97
\BOOKMARK [1][-]{section.17.3}{\376\377\000I\000n\000t\000e\000g\000r\000a\000l\000\040\000O\000p\000e\000r\000a\000t\000o\000r\000s}{chapter.17}% 98
\BOOKMARK [2][-]{subsection.17.3.1}{\376\377\000L\000i\000n\000e\000\040\000I\000n\000t\000e\000g\000r\000a\000l}{section.17.3}% 99
\BOOKMARK [2][-]{subsection.17.3.2}{\376\377\000S\000u\000r\000f\000a\000c\000e\000\040\000I\000n\000t\000e\000g\000r\000a\000l\000\040\000f\000o\000r\000\040\000I\000n\000f\000i\000n\000i\000t\000e\000s\000i\000m\000a\000l\000l\000y\000\040\000s\000m\000a\000l\000l\000\040\000A\000r\000e\000a}{section.17.3}% 100
\BOOKMARK [2][-]{subsection.17.3.3}{\376\377\000V\000o\000l\000u\000m\000e\000\040\000I\000n\000t\000e\000g\000r\000a\000l}{section.17.3}% 101
\BOOKMARK [1][-]{section.17.4}{\376\377\000D\000i\000v\000e\000r\000g\000e\000n\000c\000e\000\040\000T\000h\000e\000o\000r\000e\000m}{chapter.17}% 102
\BOOKMARK [1][-]{section.17.5}{\376\377\000S\000t\000o\000k\000e\000s\000\040\000T\000h\000e\000o\000r\000e\000m}{chapter.17}% 103
\BOOKMARK [1][-]{section.17.6}{\376\377\000S\000u\000m\000m\000a\000r\000y}{chapter.17}% 104
\BOOKMARK [0][-]{chapter.18}{\376\377\000T\000h\000e\000\040\000B\000a\000s\000i\000c\000\040\000L\000a\000w\000s\000\040\000T\000o\000\040\000M\000a\000x\000w\000e\000l\000l\000'\000s\000\040\000E\000q\000u\000a\000t\000i\000o\000n\000\040\000\050\0001\000\051}{part.1}% 105
\BOOKMARK [1][-]{section.18.1}{\376\377\000M\000a\000g\000n\000e\000t\000i\000c\000\040\000F\000l\000u\000x\000\040\000D\000e\000n\000s\000i\000t\000y\000\040}{chapter.18}% 106
\BOOKMARK [1][-]{section.18.2}{\376\377\000O\000h\000m\000s\000\040\000L\000a\000w}{chapter.18}% 107
\BOOKMARK [1][-]{section.18.3}{\376\377\000T\000h\000e\000\040\000P\000h\000y\000s\000i\000c\000a\000l\000\040\000L\000a\000w\000s\000\040\000T\000o\000\040\000M\000a\000x\000w\000e\000l\000l\000'\000s\000\040\000E\000q\000u\000a\000t\000i\000o\000n}{chapter.18}% 108
\BOOKMARK [1][-]{section.18.4}{\376\377\000G\000a\000u\000s\000s\000\040\000L\000a\000w}{chapter.18}% 109
\BOOKMARK [1][-]{section.18.5}{\376\377\000A\000m\000p\000e\000r\000e\000s\000\040\000L\000a\000w}{chapter.18}% 110
\BOOKMARK [1][-]{section.18.6}{\376\377\000F\000a\000r\000a\000d\000a\000y\000'\000s\000\040\000L\000a\000w\000\040\000o\000f\000\040\000E\000l\000e\000c\000t\000r\000o\000m\000a\000g\000n\000e\000t\000i\000c\000\040\000I\000n\000d\000u\000c\000t\000i\000o\000n}{chapter.18}% 111
\BOOKMARK [1][-]{section.18.7}{\376\377\000S\000u\000m\000m\000a\000r\000y}{chapter.18}% 112
\BOOKMARK [0][-]{chapter.19}{\376\377\000T\000h\000e\000\040\000B\000a\000s\000i\000c\000\040\000L\000a\000w\000s\000\040\000T\000o\000\040\000M\000a\000x\000w\000e\000l\000l\000'\000s\000\040\000E\000q\000u\000a\000t\000i\000o\000n\000\040\000\050\0002\000\051}{part.1}% 113
\BOOKMARK [1][-]{section.19.1}{\376\377\000A\000m\000p\000e\000r\000e\000\040\000C\000i\000r\000c\000u\000i\000t\000\040\000L\000a\000w\000\040\000M\000o\000d\000i\000f\000i\000c\000a\000t\000i\000o\000n\000\040\000a\000n\000d\000\040\000M\000a\000x\000w\000e\000l\000l\000'\000s\000\040\000E\000q\000u\000a\000t\000i\000o\000n\000s}{chapter.19}% 114
\BOOKMARK [1][-]{section.19.2}{\376\377\000C\000o\000n\000c\000e\000p\000t\000\040\000o\000f\000\040\000S\000u\000r\000f\000a\000c\000e\000\040\000C\000h\000a\000r\000g\000e\000s\000\040\000a\000n\000d\000\040\000S\000u\000r\000f\000a\000c\000e\000\040\000C\000u\000r\000r\000e\000n\000t}{chapter.19}% 115
\BOOKMARK [2][-]{subsection.19.2.1}{\376\377\000S\000u\000r\000f\000a\000c\000e\000\040\000C\000h\000a\000r\000g\000e\000\040\000a\000n\000d\000\040\000S\000u\000r\000f\000a\000c\000e\000\040\000C\000h\000a\000r\000g\000e\000\040\000D\000e\000n\000s\000i\000t\000y}{section.19.2}% 116
\BOOKMARK [2][-]{subsection.19.2.2}{\376\377\000S\000u\000r\000f\000a\000c\000e\000\040\000C\000u\000r\000r\000e\000n\000t\000\040\000a\000n\000d\000\040\000S\000u\000r\000f\000a\000c\000e\000\040\000C\000u\000r\000r\000e\000n\000t\000\040\000D\000e\000n\000s\000i\000t\000y}{section.19.2}% 117
\BOOKMARK [1][-]{section.19.3}{\376\377\000P\000r\000o\000b\000l\000e\000m\000s}{chapter.19}% 118
\BOOKMARK [0][-]{chapter.20}{\376\377\000B\000o\000u\000n\000d\000a\000r\000y\000\040\000c\000o\000n\000d\000i\000t\000i\000o\000n\000s}{part.1}% 119
\BOOKMARK [1][-]{section.20.1}{\376\377\000B\000o\000u\000n\000d\000a\000r\000y\000\040\000C\000o\000n\000d\000i\000t\000i\000o\000n\000s}{chapter.20}% 120
\BOOKMARK [2][-]{subsection.20.1.1}{\376\377\000B\000o\000u\000n\000d\000a\000r\000y\000\040\000C\000o\000n\000d\000i\000t\000i\000o\000n\000s\000\040\0001\000\040\000a\000n\000d\000\040\0002}{section.20.1}% 121
\BOOKMARK [2][-]{subsection.20.1.2}{\376\377\000B\000o\000u\000n\000d\000a\000r\000y\000\040\000C\000o\000n\000d\000i\000t\000i\000o\000n\000s\000\040\0003\000\040\000a\000n\000d\000\040\0004\000.}{section.20.1}% 122
\BOOKMARK [1][-]{section.20.2}{\376\377\000D\000i\000e\000l\000e\000c\000t\000r\000i\000c\000\040\000-\000\040\000D\000i\000e\000l\000e\000c\000t\000r\000i\000c\000\040\000I\000n\000t\000e\000r\000f\000a\000c\000e}{chapter.20}% 123
\BOOKMARK [1][-]{section.20.3}{\376\377\000D\000i\000e\000l\000e\000c\000t\000r\000i\000c\000\040\000-\000\040\000C\000o\000n\000d\000u\000c\000t\000o\000r\000\040\000I\000n\000t\000e\000r\000f\000a\000c\000e}{chapter.20}% 124
\BOOKMARK [-1][-]{part.2}{\376\377\000I\000I\000\040\000W\000A\000V\000E\000G\000U\000I\000D\000E\000S\000\040\000A\000N\000D\000\040\000A\000N\000T\000E\000N\000N\000A\000\040\000T\000H\000E\000O\000R\000Y}{}% 125
